<?xml version="1.0" encoding="UTF-8"?>
<testng-results ignored="0" total="2" passed="2" failed="0" skipped="0">
  <reporter-output>
  </reporter-output>
  <suite started-at="2024-07-09T02:13:10 IST" name="Default suite" finished-at="2024-07-09T02:13:17 IST" duration-ms="7718">
    <groups>
    </groups>
    <test started-at="2024-07-09T02:13:10 IST" name="Default test" finished-at="2024-07-09T02:13:17 IST" duration-ms="7718">
      <class name="Data_Driven.LoginUser">
        <test-method is-config="true" signature="url()[pri:0, instance:Data_Driven.LoginUser@76b1e9b8]" started-at="2024-07-09T02:13:03 IST" name="url" finished-at="2024-07-09T02:13:10 IST" duration-ms="6864" status="PASS">
          <reporter-output>
          </reporter-output>
        </test-method> <!-- url -->
        <test-method signature="loginUser()[pri:1, instance:Data_Driven.LoginUser@76b1e9b8]" started-at="2024-07-09T02:13:10 IST" name="loginUser" finished-at="2024-07-09T02:13:13 IST" duration-ms="3516" status="PASS">
          <reporter-output>
          </reporter-output>
        </test-method> <!-- loginUser -->
        <test-method signature="loginDetails()[pri:2, instance:Data_Driven.LoginUser@76b1e9b8]" started-at="2024-07-09T02:13:13 IST" name="loginDetails" finished-at="2024-07-09T02:13:17 IST" duration-ms="4131" status="PASS">
          <reporter-output>
          </reporter-output>
        </test-method> <!-- loginDetails -->
        <test-method is-config="true" signature="closeBrowser()[pri:0, instance:Data_Driven.LoginUser@76b1e9b8]" started-at="2024-07-09T02:13:17 IST" name="closeBrowser" finished-at="2024-07-09T02:13:21 IST" duration-ms="3344" status="PASS">
          <reporter-output>
          </reporter-output>
        </test-method> <!-- closeBrowser -->
      </class> <!-- Data_Driven.LoginUser -->
    </test> <!-- Default test -->
  </suite> <!-- Default suite -->
</testng-results>
